<?xml version="1.0" encoding="UTF-8"?>
<testng-results skipped="0" failed="0" ignored="0" total="1" passed="1">
  <reporter-output>
  </reporter-output>
  <suite name="Default suite" duration-ms="11318" started-at="2021-06-10T11:05:14 IST" finished-at="2021-06-10T11:05:25 IST">
    <groups>
    </groups>
    <test name="Default test" duration-ms="11318" started-at="2021-06-10T11:05:14 IST" finished-at="2021-06-10T11:05:25 IST">
      <class name="poc.shruti.test.AutomationTest">
        <test-method status="PASS" signature="testLogin()[pri:0, instance:poc.shruti.test.AutomationTest@6166e06f]" name="testLogin" duration-ms="11272" started-at="2021-06-10T11:05:14 IST" finished-at="2021-06-10T11:05:25 IST">
          <reporter-output>
          </reporter-output>
        </test-method> <!-- testLogin -->
      </class> <!-- poc.shruti.test.AutomationTest -->
    </test> <!-- Default test -->
  </suite> <!-- Default suite -->
</testng-results>
